Terminals unused in grammar

    PROCEEDFOR
    JMP
    JMPCOND
    ASSIGN
    CALL


Grammar

    0 $accept: code $end

    1 code: declarations fonctions affichage

    2 declarations: %empty
    3             | declarations var VAR '=' expr ';'
    4             | declarations var VAR ';'

    5 $@1: %empty

    6 fonctions: DEF VAR ':' '(' parameters ')' arrow '{' $@1 instruction '}' fonctions
    7          | %empty

    8 parameters: VAR
    9           | parameters ',' parameters

   10 draw_func: VAR in '[' NUM ',' NUM ']'
   11          | VAR
   12          | draw_func ',' draw_func

   13 affichage: DRAW draw_func '{' draw_args '}'
   14          | DRAW draw_func ';'

   15 draw_args: color ':' '[' color_args ']'
   16          | style ':' '[' style_args ']'
   17          | label ':' STRING
   18          | xmin ':' NUM
   19          | xmin ':' VAR
   20          | xmax ':' NUM
   21          | xmax ':' VAR
   22          | ymin ':' NUM
   23          | ymin ':' VAR
   24          | ymax ':' NUM
   25          | ymax ':' VAR
   26          | draw_args ',' draw_args

   27 style_args: STYLE_PARAM
   28           | style_args ',' style_args

   29 color_args: COLOR_PARAM
   30           | color_args ',' color_args

   31 instruction: %empty
   32            | instruction expr ';'
   33            | instruction RETURN expr ';'

   34 $@2: %empty

   35 $@3: %empty

   36 instruction: IF logic '{' $@2 instruction $@3 '}' ELSE '{' instruction '}'

   37 $@4: %empty

   38 $@5: %empty

   39 instruction: FOR VAR in '[' expr ':' expr ':' expr ']' '{' $@4 instruction $@5 '}'

   40 $@6: %empty

   41 $@7: %empty

   42 instruction: WHILE logic '{' $@6 instruction $@7 '}'

   43 logic: expr SUP expr
   44      | expr INF expr
   45      | expr SUP_STRICT expr
   46      | expr INF_STRICT expr
   47      | expr EQUAL expr
   48      | expr NOT_EQ expr
   49      | logic AND logic
   50      | logic OR logic
   51      | NOT logic

   52 expr: NUM
   53     | PI
   54     | E
   55     | PHI
   56     | SIN '(' expr ')'
   57     | COS '(' expr ')'
   58     | TAN '(' expr ')'
   59     | ARCCOS '(' expr ')'
   60     | ARCSIN '(' expr ')'
   61     | ARCTAN '(' expr ')'
   62     | COSH '(' expr ')'
   63     | SINH '(' expr ')'
   64     | TANH '(' expr ')'
   65     | ARCCOSH '(' expr ')'
   66     | ARCSINH '(' expr ')'
   67     | ARCTANH '(' expr ')'
   68     | '(' expr ')'
   69     | expr PLUS expr
   70     | expr MIN expr
   71     | expr TIMES expr
   72     | expr DIV expr
   73     | expr '^' expr
   74     | POW '(' expr ',' expr ')'
   75     | EXP '(' expr ')'
   76     | LOG '(' expr ')'
   77     | SQRT '(' expr ')'
   78     | VAR
   79     | VAR '=' expr
   80     | VAR PLUS_EQUAL expr
   81     | VAR MIN_EQUAL expr
   82     | VAR TIMES_EQUAL expr
   83     | VAR DIV_EQUAL expr


Terminals, with rules where they appear

    $end (0) 0
    '(' (40) 6 56 57 58 59 60 61 62 63 64 65 66 67 68 74 75 76 77
    ')' (41) 6 56 57 58 59 60 61 62 63 64 65 66 67 68 74 75 76 77
    ',' (44) 9 10 12 26 28 30 74
    ':' (58) 6 15 16 17 18 19 20 21 22 23 24 25 39
    ';' (59) 3 4 14 32 33
    '=' (61) 3 79
    '[' (91) 10 15 16 39
    ']' (93) 10 15 16 39
    '^' (94) 73
    '{' (123) 6 13 36 39 42
    '}' (125) 6 13 36 39 42
    error (256)
    PI <DOUBLE> (258) 53
    E <DOUBLE> (259) 54
    PHI <DOUBLE> (260) 55
    var (261) 3 4
    DEF (262) 6
    in (263) 10 39
    arrow (264) 6
    RETURN (265) 33
    color <STRING> (266) 15
    style <STRING> (267) 16
    label <STRING> (268) 17
    xmin <DOUBLE> (269) 18 19
    xmax <DOUBLE> (270) 20 21
    ymin <DOUBLE> (271) 22 23
    ymax <DOUBLE> (272) 24 25
    COLOR_PARAM <STRING> (273) 29
    STYLE_PARAM <STRING> (274) 27
    STRING <STRING> (275) 17
    NUM <DOUBLE> (276) 10 18 20 22 24 52
    SIN <DOUBLE> (277) 56
    COS <DOUBLE> (278) 57
    POW <DOUBLE> (279) 74
    EXP <DOUBLE> (280) 75
    VAR <STRING> (281) 3 4 6 8 10 11 19 21 23 25 39 78 79 80 81 82 83
    FOR <ADDRESS> (282) 39
    PROCEEDFOR <BOOL> (283)
    IF <ADDRESS> (284) 36
    ELSE <ADDRESS> (285) 36
    WHILE <ADDRESS> (286) 42
    TAN <DOUBLE> (287) 58
    ARCCOS <DOUBLE> (288) 59
    ARCSIN <DOUBLE> (289) 60
    ARCTAN <DOUBLE> (290) 61
    COSH <DOUBLE> (291) 62
    SINH <DOUBLE> (292) 63
    TANH <DOUBLE> (293) 64
    ARCSINH <DOUBLE> (294) 66
    ARCCOSH <DOUBLE> (295) 65
    ARCTANH <DOUBLE> (296) 67
    SQRT <DOUBLE> (297) 77
    LOG <DOUBLE> (298) 76
    DRAW (299) 13 14
    JMP (300)
    JMPCOND (301)
    ASSIGN (302)
    CALL (303)
    PLUS <DOUBLE> (304) 69
    MIN <DOUBLE> (305) 70
    TIMES <DOUBLE> (306) 71
    DIV <DOUBLE> (307) 72
    PLUS_EQUAL <DOUBLE> (308) 80
    MIN_EQUAL <DOUBLE> (309) 81
    TIMES_EQUAL <DOUBLE> (310) 82
    DIV_EQUAL <DOUBLE> (311) 83
    EQUAL <BOOL> (312) 47
    NOT_EQ <BOOL> (313) 48
    INF_STRICT <BOOL> (314) 46
    SUP_STRICT <BOOL> (315) 45
    INF <BOOL> (316) 44
    SUP <BOOL> (317) 43
    AND <BOOL> (318) 49
    OR <BOOL> (319) 50
    NOT <BOOL> (320) 51


Nonterminals, with rules where they appear

    $accept (77)
        on left: 0
    code (78)
        on left: 1
        on right: 0
    declarations (79)
        on left: 2 3 4
        on right: 1 3 4
    fonctions (80)
        on left: 6 7
        on right: 1 6
    $@1 (81)
        on left: 5
        on right: 6
    parameters (82)
        on left: 8 9
        on right: 6 9
    draw_func (83)
        on left: 10 11 12
        on right: 12 13 14
    affichage (84)
        on left: 13 14
        on right: 1
    draw_args (85)
        on left: 15 16 17 18 19 20 21 22 23 24 25 26
        on right: 13 26
    style_args (86)
        on left: 27 28
        on right: 16 28
    color_args (87)
        on left: 29 30
        on right: 15 30
    instruction <Instruction> (88)
        on left: 31 32 33 36 39 42
        on right: 6 32 33 36 39 42
    $@2 (89)
        on left: 34
        on right: 36
    $@3 (90)
        on left: 35
        on right: 36
    $@4 (91)
        on left: 37
        on right: 39
    $@5 (92)
        on left: 38
        on right: 39
    $@6 (93)
        on left: 40
        on right: 42
    $@7 (94)
        on left: 41
        on right: 42
    logic <BOOL> (95)
        on left: 43 44 45 46 47 48 49 50 51
        on right: 36 42 49 50 51
    expr <DOUBLE> (96)
        on left: 52 53 54 55 56 57 58 59 60 61 62 63 64 65 66 67 68 69 70 71 72 73 74 75 76 77 78 79 80 81 82 83
        on right: 3 32 33 39 43 44 45 46 47 48 56 57 58 59 60 61 62 63 64 65 66 67 68 69 70 71 72 73 74 75 76 77 79 80 81 82 83


State 0

    0 $accept: . code $end

    $default  reduce using rule 2 (declarations)

    code          go to state 1
    declarations  go to state 2


State 1

    0 $accept: code . $end

    $end  shift, and go to state 3


State 2

    1 code: declarations . fonctions affichage
    3 declarations: declarations . var VAR '=' expr ';'
    4             | declarations . var VAR ';'

    var  shift, and go to state 4
    DEF  shift, and go to state 5

    $default  reduce using rule 7 (fonctions)

    fonctions  go to state 6


State 3

    0 $accept: code $end .

    $default  accept


State 4

    3 declarations: declarations var . VAR '=' expr ';'
    4             | declarations var . VAR ';'

    VAR  shift, and go to state 7


State 5

    6 fonctions: DEF . VAR ':' '(' parameters ')' arrow '{' $@1 instruction '}' fonctions

    VAR  shift, and go to state 8


State 6

    1 code: declarations fonctions . affichage

    DRAW  shift, and go to state 9

    affichage  go to state 10


State 7

    3 declarations: declarations var VAR . '=' expr ';'
    4             | declarations var VAR . ';'

    '='  shift, and go to state 11
    ';'  shift, and go to state 12


State 8

    6 fonctions: DEF VAR . ':' '(' parameters ')' arrow '{' $@1 instruction '}' fonctions

    ':'  shift, and go to state 13


State 9

   13 affichage: DRAW . draw_func '{' draw_args '}'
   14          | DRAW . draw_func ';'

    VAR  shift, and go to state 14

    draw_func  go to state 15


State 10

    1 code: declarations fonctions affichage .

    $default  reduce using rule 1 (code)


State 11

    3 declarations: declarations var VAR '=' . expr ';'

    PI       shift, and go to state 16
    E        shift, and go to state 17
    PHI      shift, and go to state 18
    NUM      shift, and go to state 19
    SIN      shift, and go to state 20
    COS      shift, and go to state 21
    POW      shift, and go to state 22
    EXP      shift, and go to state 23
    VAR      shift, and go to state 24
    TAN      shift, and go to state 25
    ARCCOS   shift, and go to state 26
    ARCSIN   shift, and go to state 27
    ARCTAN   shift, and go to state 28
    COSH     shift, and go to state 29
    SINH     shift, and go to state 30
    TANH     shift, and go to state 31
    ARCSINH  shift, and go to state 32
    ARCCOSH  shift, and go to state 33
    ARCTANH  shift, and go to state 34
    SQRT     shift, and go to state 35
    LOG      shift, and go to state 36
    '('      shift, and go to state 37

    expr  go to state 38


State 12

    4 declarations: declarations var VAR ';' .

    $default  reduce using rule 4 (declarations)


State 13

    6 fonctions: DEF VAR ':' . '(' parameters ')' arrow '{' $@1 instruction '}' fonctions

    '('  shift, and go to state 39


State 14

   10 draw_func: VAR . in '[' NUM ',' NUM ']'
   11          | VAR .

    in  shift, and go to state 40

    $default  reduce using rule 11 (draw_func)


State 15

   12 draw_func: draw_func . ',' draw_func
   13 affichage: DRAW draw_func . '{' draw_args '}'
   14          | DRAW draw_func . ';'

    ','  shift, and go to state 41
    ';'  shift, and go to state 42
    '{'  shift, and go to state 43


State 16

   53 expr: PI .

    $default  reduce using rule 53 (expr)


State 17

   54 expr: E .

    $default  reduce using rule 54 (expr)


State 18

   55 expr: PHI .

    $default  reduce using rule 55 (expr)


State 19

   52 expr: NUM .

    $default  reduce using rule 52 (expr)


State 20

   56 expr: SIN . '(' expr ')'

    '('  shift, and go to state 44


State 21

   57 expr: COS . '(' expr ')'

    '('  shift, and go to state 45


State 22

   74 expr: POW . '(' expr ',' expr ')'

    '('  shift, and go to state 46


State 23

   75 expr: EXP . '(' expr ')'

    '('  shift, and go to state 47


State 24

   78 expr: VAR .
   79     | VAR . '=' expr
   80     | VAR . PLUS_EQUAL expr
   81     | VAR . MIN_EQUAL expr
   82     | VAR . TIMES_EQUAL expr
   83     | VAR . DIV_EQUAL expr

    PLUS_EQUAL   shift, and go to state 48
    MIN_EQUAL    shift, and go to state 49
    TIMES_EQUAL  shift, and go to state 50
    DIV_EQUAL    shift, and go to state 51
    '='          shift, and go to state 52

    $default  reduce using rule 78 (expr)


State 25

   58 expr: TAN . '(' expr ')'

    '('  shift, and go to state 53


State 26

   59 expr: ARCCOS . '(' expr ')'

    '('  shift, and go to state 54


State 27

   60 expr: ARCSIN . '(' expr ')'

    '('  shift, and go to state 55


State 28

   61 expr: ARCTAN . '(' expr ')'

    '('  shift, and go to state 56


State 29

   62 expr: COSH . '(' expr ')'

    '('  shift, and go to state 57


State 30

   63 expr: SINH . '(' expr ')'

    '('  shift, and go to state 58


State 31

   64 expr: TANH . '(' expr ')'

    '('  shift, and go to state 59


State 32

   66 expr: ARCSINH . '(' expr ')'

    '('  shift, and go to state 60


State 33

   65 expr: ARCCOSH . '(' expr ')'

    '('  shift, and go to state 61


State 34

   67 expr: ARCTANH . '(' expr ')'

    '('  shift, and go to state 62


State 35

   77 expr: SQRT . '(' expr ')'

    '('  shift, and go to state 63


State 36

   76 expr: LOG . '(' expr ')'

    '('  shift, and go to state 64


State 37

   68 expr: '(' . expr ')'

    PI       shift, and go to state 16
    E        shift, and go to state 17
    PHI      shift, and go to state 18
    NUM      shift, and go to state 19
    SIN      shift, and go to state 20
    COS      shift, and go to state 21
    POW      shift, and go to state 22
    EXP      shift, and go to state 23
    VAR      shift, and go to state 24
    TAN      shift, and go to state 25
    ARCCOS   shift, and go to state 26
    ARCSIN   shift, and go to state 27
    ARCTAN   shift, and go to state 28
    COSH     shift, and go to state 29
    SINH     shift, and go to state 30
    TANH     shift, and go to state 31
    ARCSINH  shift, and go to state 32
    ARCCOSH  shift, and go to state 33
    ARCTANH  shift, and go to state 34
    SQRT     shift, and go to state 35
    LOG      shift, and go to state 36
    '('      shift, and go to state 37

    expr  go to state 65


State 38

    3 declarations: declarations var VAR '=' expr . ';'
   69 expr: expr . PLUS expr
   70     | expr . MIN expr
   71     | expr . TIMES expr
   72     | expr . DIV expr
   73     | expr . '^' expr

    PLUS   shift, and go to state 66
    MIN    shift, and go to state 67
    TIMES  shift, and go to state 68
    DIV    shift, and go to state 69
    '^'    shift, and go to state 70
    ';'    shift, and go to state 71


State 39

    6 fonctions: DEF VAR ':' '(' . parameters ')' arrow '{' $@1 instruction '}' fonctions

    VAR  shift, and go to state 72

    parameters  go to state 73


State 40

   10 draw_func: VAR in . '[' NUM ',' NUM ']'

    '['  shift, and go to state 74


State 41

   12 draw_func: draw_func ',' . draw_func

    VAR  shift, and go to state 14

    draw_func  go to state 75


State 42

   14 affichage: DRAW draw_func ';' .

    $default  reduce using rule 14 (affichage)


State 43

   13 affichage: DRAW draw_func '{' . draw_args '}'

    color  shift, and go to state 76
    style  shift, and go to state 77
    label  shift, and go to state 78
    xmin   shift, and go to state 79
    xmax   shift, and go to state 80
    ymin   shift, and go to state 81
    ymax   shift, and go to state 82

    draw_args  go to state 83


State 44

   56 expr: SIN '(' . expr ')'

    PI       shift, and go to state 16
    E        shift, and go to state 17
    PHI      shift, and go to state 18
    NUM      shift, and go to state 19
    SIN      shift, and go to state 20
    COS      shift, and go to state 21
    POW      shift, and go to state 22
    EXP      shift, and go to state 23
    VAR      shift, and go to state 24
    TAN      shift, and go to state 25
    ARCCOS   shift, and go to state 26
    ARCSIN   shift, and go to state 27
    ARCTAN   shift, and go to state 28
    COSH     shift, and go to state 29
    SINH     shift, and go to state 30
    TANH     shift, and go to state 31
    ARCSINH  shift, and go to state 32
    ARCCOSH  shift, and go to state 33
    ARCTANH  shift, and go to state 34
    SQRT     shift, and go to state 35
    LOG      shift, and go to state 36
    '('      shift, and go to state 37

    expr  go to state 84


State 45

   57 expr: COS '(' . expr ')'

    PI       shift, and go to state 16
    E        shift, and go to state 17
    PHI      shift, and go to state 18
    NUM      shift, and go to state 19
    SIN      shift, and go to state 20
    COS      shift, and go to state 21
    POW      shift, and go to state 22
    EXP      shift, and go to state 23
    VAR      shift, and go to state 24
    TAN      shift, and go to state 25
    ARCCOS   shift, and go to state 26
    ARCSIN   shift, and go to state 27
    ARCTAN   shift, and go to state 28
    COSH     shift, and go to state 29
    SINH     shift, and go to state 30
    TANH     shift, and go to state 31
    ARCSINH  shift, and go to state 32
    ARCCOSH  shift, and go to state 33
    ARCTANH  shift, and go to state 34
    SQRT     shift, and go to state 35
    LOG      shift, and go to state 36
    '('      shift, and go to state 37

    expr  go to state 85


State 46

   74 expr: POW '(' . expr ',' expr ')'

    PI       shift, and go to state 16
    E        shift, and go to state 17
    PHI      shift, and go to state 18
    NUM      shift, and go to state 19
    SIN      shift, and go to state 20
    COS      shift, and go to state 21
    POW      shift, and go to state 22
    EXP      shift, and go to state 23
    VAR      shift, and go to state 24
    TAN      shift, and go to state 25
    ARCCOS   shift, and go to state 26
    ARCSIN   shift, and go to state 27
    ARCTAN   shift, and go to state 28
    COSH     shift, and go to state 29
    SINH     shift, and go to state 30
    TANH     shift, and go to state 31
    ARCSINH  shift, and go to state 32
    ARCCOSH  shift, and go to state 33
    ARCTANH  shift, and go to state 34
    SQRT     shift, and go to state 35
    LOG      shift, and go to state 36
    '('      shift, and go to state 37

    expr  go to state 86


State 47

   75 expr: EXP '(' . expr ')'

    PI       shift, and go to state 16
    E        shift, and go to state 17
    PHI      shift, and go to state 18
    NUM      shift, and go to state 19
    SIN      shift, and go to state 20
    COS      shift, and go to state 21
    POW      shift, and go to state 22
    EXP      shift, and go to state 23
    VAR      shift, and go to state 24
    TAN      shift, and go to state 25
    ARCCOS   shift, and go to state 26
    ARCSIN   shift, and go to state 27
    ARCTAN   shift, and go to state 28
    COSH     shift, and go to state 29
    SINH     shift, and go to state 30
    TANH     shift, and go to state 31
    ARCSINH  shift, and go to state 32
    ARCCOSH  shift, and go to state 33
    ARCTANH  shift, and go to state 34
    SQRT     shift, and go to state 35
    LOG      shift, and go to state 36
    '('      shift, and go to state 37

    expr  go to state 87


State 48

   80 expr: VAR PLUS_EQUAL . expr

    PI       shift, and go to state 16
    E        shift, and go to state 17
    PHI      shift, and go to state 18
    NUM      shift, and go to state 19
    SIN      shift, and go to state 20
    COS      shift, and go to state 21
    POW      shift, and go to state 22
    EXP      shift, and go to state 23
    VAR      shift, and go to state 24
    TAN      shift, and go to state 25
    ARCCOS   shift, and go to state 26
    ARCSIN   shift, and go to state 27
    ARCTAN   shift, and go to state 28
    COSH     shift, and go to state 29
    SINH     shift, and go to state 30
    TANH     shift, and go to state 31
    ARCSINH  shift, and go to state 32
    ARCCOSH  shift, and go to state 33
    ARCTANH  shift, and go to state 34
    SQRT     shift, and go to state 35
    LOG      shift, and go to state 36
    '('      shift, and go to state 37

    expr  go to state 88


State 49

   81 expr: VAR MIN_EQUAL . expr

    PI       shift, and go to state 16
    E        shift, and go to state 17
    PHI      shift, and go to state 18
    NUM      shift, and go to state 19
    SIN      shift, and go to state 20
    COS      shift, and go to state 21
    POW      shift, and go to state 22
    EXP      shift, and go to state 23
    VAR      shift, and go to state 24
    TAN      shift, and go to state 25
    ARCCOS   shift, and go to state 26
    ARCSIN   shift, and go to state 27
    ARCTAN   shift, and go to state 28
    COSH     shift, and go to state 29
    SINH     shift, and go to state 30
    TANH     shift, and go to state 31
    ARCSINH  shift, and go to state 32
    ARCCOSH  shift, and go to state 33
    ARCTANH  shift, and go to state 34
    SQRT     shift, and go to state 35
    LOG      shift, and go to state 36
    '('      shift, and go to state 37

    expr  go to state 89


State 50

   82 expr: VAR TIMES_EQUAL . expr

    PI       shift, and go to state 16
    E        shift, and go to state 17
    PHI      shift, and go to state 18
    NUM      shift, and go to state 19
    SIN      shift, and go to state 20
    COS      shift, and go to state 21
    POW      shift, and go to state 22
    EXP      shift, and go to state 23
    VAR      shift, and go to state 24
    TAN      shift, and go to state 25
    ARCCOS   shift, and go to state 26
    ARCSIN   shift, and go to state 27
    ARCTAN   shift, and go to state 28
    COSH     shift, and go to state 29
    SINH     shift, and go to state 30
    TANH     shift, and go to state 31
    ARCSINH  shift, and go to state 32
    ARCCOSH  shift, and go to state 33
    ARCTANH  shift, and go to state 34
    SQRT     shift, and go to state 35
    LOG      shift, and go to state 36
    '('      shift, and go to state 37

    expr  go to state 90


State 51

   83 expr: VAR DIV_EQUAL . expr

    PI       shift, and go to state 16
    E        shift, and go to state 17
    PHI      shift, and go to state 18
    NUM      shift, and go to state 19
    SIN      shift, and go to state 20
    COS      shift, and go to state 21
    POW      shift, and go to state 22
    EXP      shift, and go to state 23
    VAR      shift, and go to state 24
    TAN      shift, and go to state 25
    ARCCOS   shift, and go to state 26
    ARCSIN   shift, and go to state 27
    ARCTAN   shift, and go to state 28
    COSH     shift, and go to state 29
    SINH     shift, and go to state 30
    TANH     shift, and go to state 31
    ARCSINH  shift, and go to state 32
    ARCCOSH  shift, and go to state 33
    ARCTANH  shift, and go to state 34
    SQRT     shift, and go to state 35
    LOG      shift, and go to state 36
    '('      shift, and go to state 37

    expr  go to state 91


State 52

   79 expr: VAR '=' . expr

    PI       shift, and go to state 16
    E        shift, and go to state 17
    PHI      shift, and go to state 18
    NUM      shift, and go to state 19
    SIN      shift, and go to state 20
    COS      shift, and go to state 21
    POW      shift, and go to state 22
    EXP      shift, and go to state 23
    VAR      shift, and go to state 24
    TAN      shift, and go to state 25
    ARCCOS   shift, and go to state 26
    ARCSIN   shift, and go to state 27
    ARCTAN   shift, and go to state 28
    COSH     shift, and go to state 29
    SINH     shift, and go to state 30
    TANH     shift, and go to state 31
    ARCSINH  shift, and go to state 32
    ARCCOSH  shift, and go to state 33
    ARCTANH  shift, and go to state 34
    SQRT     shift, and go to state 35
    LOG      shift, and go to state 36
    '('      shift, and go to state 37

    expr  go to state 92


State 53

   58 expr: TAN '(' . expr ')'

    PI       shift, and go to state 16
    E        shift, and go to state 17
    PHI      shift, and go to state 18
    NUM      shift, and go to state 19
    SIN      shift, and go to state 20
    COS      shift, and go to state 21
    POW      shift, and go to state 22
    EXP      shift, and go to state 23
    VAR      shift, and go to state 24
    TAN      shift, and go to state 25
    ARCCOS   shift, and go to state 26
    ARCSIN   shift, and go to state 27
    ARCTAN   shift, and go to state 28
    COSH     shift, and go to state 29
    SINH     shift, and go to state 30
    TANH     shift, and go to state 31
    ARCSINH  shift, and go to state 32
    ARCCOSH  shift, and go to state 33
    ARCTANH  shift, and go to state 34
    SQRT     shift, and go to state 35
    LOG      shift, and go to state 36
    '('      shift, and go to state 37

    expr  go to state 93


State 54

   59 expr: ARCCOS '(' . expr ')'

    PI       shift, and go to state 16
    E        shift, and go to state 17
    PHI      shift, and go to state 18
    NUM      shift, and go to state 19
    SIN      shift, and go to state 20
    COS      shift, and go to state 21
    POW      shift, and go to state 22
    EXP      shift, and go to state 23
    VAR      shift, and go to state 24
    TAN      shift, and go to state 25
    ARCCOS   shift, and go to state 26
    ARCSIN   shift, and go to state 27
    ARCTAN   shift, and go to state 28
    COSH     shift, and go to state 29
    SINH     shift, and go to state 30
    TANH     shift, and go to state 31
    ARCSINH  shift, and go to state 32
    ARCCOSH  shift, and go to state 33
    ARCTANH  shift, and go to state 34
    SQRT     shift, and go to state 35
    LOG      shift, and go to state 36
    '('      shift, and go to state 37

    expr  go to state 94


State 55

   60 expr: ARCSIN '(' . expr ')'

    PI       shift, and go to state 16
    E        shift, and go to state 17
    PHI      shift, and go to state 18
    NUM      shift, and go to state 19
    SIN      shift, and go to state 20
    COS      shift, and go to state 21
    POW      shift, and go to state 22
    EXP      shift, and go to state 23
    VAR      shift, and go to state 24
    TAN      shift, and go to state 25
    ARCCOS   shift, and go to state 26
    ARCSIN   shift, and go to state 27
    ARCTAN   shift, and go to state 28
    COSH     shift, and go to state 29
    SINH     shift, and go to state 30
    TANH     shift, and go to state 31
    ARCSINH  shift, and go to state 32
    ARCCOSH  shift, and go to state 33
    ARCTANH  shift, and go to state 34
    SQRT     shift, and go to state 35
    LOG      shift, and go to state 36
    '('      shift, and go to state 37

    expr  go to state 95


State 56

   61 expr: ARCTAN '(' . expr ')'

    PI       shift, and go to state 16
    E        shift, and go to state 17
    PHI      shift, and go to state 18
    NUM      shift, and go to state 19
    SIN      shift, and go to state 20
    COS      shift, and go to state 21
    POW      shift, and go to state 22
    EXP      shift, and go to state 23
    VAR      shift, and go to state 24
    TAN      shift, and go to state 25
    ARCCOS   shift, and go to state 26
    ARCSIN   shift, and go to state 27
    ARCTAN   shift, and go to state 28
    COSH     shift, and go to state 29
    SINH     shift, and go to state 30
    TANH     shift, and go to state 31
    ARCSINH  shift, and go to state 32
    ARCCOSH  shift, and go to state 33
    ARCTANH  shift, and go to state 34
    SQRT     shift, and go to state 35
    LOG      shift, and go to state 36
    '('      shift, and go to state 37

    expr  go to state 96


State 57

   62 expr: COSH '(' . expr ')'

    PI       shift, and go to state 16
    E        shift, and go to state 17
    PHI      shift, and go to state 18
    NUM      shift, and go to state 19
    SIN      shift, and go to state 20
    COS      shift, and go to state 21
    POW      shift, and go to state 22
    EXP      shift, and go to state 23
    VAR      shift, and go to state 24
    TAN      shift, and go to state 25
    ARCCOS   shift, and go to state 26
    ARCSIN   shift, and go to state 27
    ARCTAN   shift, and go to state 28
    COSH     shift, and go to state 29
    SINH     shift, and go to state 30
    TANH     shift, and go to state 31
    ARCSINH  shift, and go to state 32
    ARCCOSH  shift, and go to state 33
    ARCTANH  shift, and go to state 34
    SQRT     shift, and go to state 35
    LOG      shift, and go to state 36
    '('      shift, and go to state 37

    expr  go to state 97


State 58

   63 expr: SINH '(' . expr ')'

    PI       shift, and go to state 16
    E        shift, and go to state 17
    PHI      shift, and go to state 18
    NUM      shift, and go to state 19
    SIN      shift, and go to state 20
    COS      shift, and go to state 21
    POW      shift, and go to state 22
    EXP      shift, and go to state 23
    VAR      shift, and go to state 24
    TAN      shift, and go to state 25
    ARCCOS   shift, and go to state 26
    ARCSIN   shift, and go to state 27
    ARCTAN   shift, and go to state 28
    COSH     shift, and go to state 29
    SINH     shift, and go to state 30
    TANH     shift, and go to state 31
    ARCSINH  shift, and go to state 32
    ARCCOSH  shift, and go to state 33
    ARCTANH  shift, and go to state 34
    SQRT     shift, and go to state 35
    LOG      shift, and go to state 36
    '('      shift, and go to state 37

    expr  go to state 98


State 59

   64 expr: TANH '(' . expr ')'

    PI       shift, and go to state 16
    E        shift, and go to state 17
    PHI      shift, and go to state 18
    NUM      shift, and go to state 19
    SIN      shift, and go to state 20
    COS      shift, and go to state 21
    POW      shift, and go to state 22
    EXP      shift, and go to state 23
    VAR      shift, and go to state 24
    TAN      shift, and go to state 25
    ARCCOS   shift, and go to state 26
    ARCSIN   shift, and go to state 27
    ARCTAN   shift, and go to state 28
    COSH     shift, and go to state 29
    SINH     shift, and go to state 30
    TANH     shift, and go to state 31
    ARCSINH  shift, and go to state 32
    ARCCOSH  shift, and go to state 33
    ARCTANH  shift, and go to state 34
    SQRT     shift, and go to state 35
    LOG      shift, and go to state 36
    '('      shift, and go to state 37

    expr  go to state 99


State 60

   66 expr: ARCSINH '(' . expr ')'

    PI       shift, and go to state 16
    E        shift, and go to state 17
    PHI      shift, and go to state 18
    NUM      shift, and go to state 19
    SIN      shift, and go to state 20
    COS      shift, and go to state 21
    POW      shift, and go to state 22
    EXP      shift, and go to state 23
    VAR      shift, and go to state 24
    TAN      shift, and go to state 25
    ARCCOS   shift, and go to state 26
    ARCSIN   shift, and go to state 27
    ARCTAN   shift, and go to state 28
    COSH     shift, and go to state 29
    SINH     shift, and go to state 30
    TANH     shift, and go to state 31
    ARCSINH  shift, and go to state 32
    ARCCOSH  shift, and go to state 33
    ARCTANH  shift, and go to state 34
    SQRT     shift, and go to state 35
    LOG      shift, and go to state 36
    '('      shift, and go to state 37

    expr  go to state 100


State 61

   65 expr: ARCCOSH '(' . expr ')'

    PI       shift, and go to state 16
    E        shift, and go to state 17
    PHI      shift, and go to state 18
    NUM      shift, and go to state 19
    SIN      shift, and go to state 20
    COS      shift, and go to state 21
    POW      shift, and go to state 22
    EXP      shift, and go to state 23
    VAR      shift, and go to state 24
    TAN      shift, and go to state 25
    ARCCOS   shift, and go to state 26
    ARCSIN   shift, and go to state 27
    ARCTAN   shift, and go to state 28
    COSH     shift, and go to state 29
    SINH     shift, and go to state 30
    TANH     shift, and go to state 31
    ARCSINH  shift, and go to state 32
    ARCCOSH  shift, and go to state 33
    ARCTANH  shift, and go to state 34
    SQRT     shift, and go to state 35
    LOG      shift, and go to state 36
    '('      shift, and go to state 37

    expr  go to state 101


State 62

   67 expr: ARCTANH '(' . expr ')'

    PI       shift, and go to state 16
    E        shift, and go to state 17
    PHI      shift, and go to state 18
    NUM      shift, and go to state 19
    SIN      shift, and go to state 20
    COS      shift, and go to state 21
    POW      shift, and go to state 22
    EXP      shift, and go to state 23
    VAR      shift, and go to state 24
    TAN      shift, and go to state 25
    ARCCOS   shift, and go to state 26
    ARCSIN   shift, and go to state 27
    ARCTAN   shift, and go to state 28
    COSH     shift, and go to state 29
    SINH     shift, and go to state 30
    TANH     shift, and go to state 31
    ARCSINH  shift, and go to state 32
    ARCCOSH  shift, and go to state 33
    ARCTANH  shift, and go to state 34
    SQRT     shift, and go to state 35
    LOG      shift, and go to state 36
    '('      shift, and go to state 37

    expr  go to state 102


State 63

   77 expr: SQRT '(' . expr ')'

    PI       shift, and go to state 16
    E        shift, and go to state 17
    PHI      shift, and go to state 18
    NUM      shift, and go to state 19
    SIN      shift, and go to state 20
    COS      shift, and go to state 21
    POW      shift, and go to state 22
    EXP      shift, and go to state 23
    VAR      shift, and go to state 24
    TAN      shift, and go to state 25
    ARCCOS   shift, and go to state 26
    ARCSIN   shift, and go to state 27
    ARCTAN   shift, and go to state 28
    COSH     shift, and go to state 29
    SINH     shift, and go to state 30
    TANH     shift, and go to state 31
    ARCSINH  shift, and go to state 32
    ARCCOSH  shift, and go to state 33
    ARCTANH  shift, and go to state 34
    SQRT     shift, and go to state 35
    LOG      shift, and go to state 36
    '('      shift, and go to state 37

    expr  go to state 103


State 64

   76 expr: LOG '(' . expr ')'

    PI       shift, and go to state 16
    E        shift, and go to state 17
    PHI      shift, and go to state 18
    NUM      shift, and go to state 19
    SIN      shift, and go to state 20
    COS      shift, and go to state 21
    POW      shift, and go to state 22
    EXP      shift, and go to state 23
    VAR      shift, and go to state 24
    TAN      shift, and go to state 25
    ARCCOS   shift, and go to state 26
    ARCSIN   shift, and go to state 27
    ARCTAN   shift, and go to state 28
    COSH     shift, and go to state 29
    SINH     shift, and go to state 30
    TANH     shift, and go to state 31
    ARCSINH  shift, and go to state 32
    ARCCOSH  shift, and go to state 33
    ARCTANH  shift, and go to state 34
    SQRT     shift, and go to state 35
    LOG      shift, and go to state 36
    '('      shift, and go to state 37

    expr  go to state 104


State 65

   68 expr: '(' expr . ')'
   69     | expr . PLUS expr
   70     | expr . MIN expr
   71     | expr . TIMES expr
   72     | expr . DIV expr
   73     | expr . '^' expr

    PLUS   shift, and go to state 66
    MIN    shift, and go to state 67
    TIMES  shift, and go to state 68
    DIV    shift, and go to state 69
    '^'    shift, and go to state 70
    ')'    shift, and go to state 105


State 66

   69 expr: expr PLUS . expr

    PI       shift, and go to state 16
    E        shift, and go to state 17
    PHI      shift, and go to state 18
    NUM      shift, and go to state 19
    SIN      shift, and go to state 20
    COS      shift, and go to state 21
    POW      shift, and go to state 22
    EXP      shift, and go to state 23
    VAR      shift, and go to state 24
    TAN      shift, and go to state 25
    ARCCOS   shift, and go to state 26
    ARCSIN   shift, and go to state 27
    ARCTAN   shift, and go to state 28
    COSH     shift, and go to state 29
    SINH     shift, and go to state 30
    TANH     shift, and go to state 31
    ARCSINH  shift, and go to state 32
    ARCCOSH  shift, and go to state 33
    ARCTANH  shift, and go to state 34
    SQRT     shift, and go to state 35
    LOG      shift, and go to state 36
    '('      shift, and go to state 37

    expr  go to state 106


State 67

   70 expr: expr MIN . expr

    PI       shift, and go to state 16
    E        shift, and go to state 17
    PHI      shift, and go to state 18
    NUM      shift, and go to state 19
    SIN      shift, and go to state 20
    COS      shift, and go to state 21
    POW      shift, and go to state 22
    EXP      shift, and go to state 23
    VAR      shift, and go to state 24
    TAN      shift, and go to state 25
    ARCCOS   shift, and go to state 26
    ARCSIN   shift, and go to state 27
    ARCTAN   shift, and go to state 28
    COSH     shift, and go to state 29
    SINH     shift, and go to state 30
    TANH     shift, and go to state 31
    ARCSINH  shift, and go to state 32
    ARCCOSH  shift, and go to state 33
    ARCTANH  shift, and go to state 34
    SQRT     shift, and go to state 35
    LOG      shift, and go to state 36
    '('      shift, and go to state 37

    expr  go to state 107


State 68

   71 expr: expr TIMES . expr

    PI       shift, and go to state 16
    E        shift, and go to state 17
    PHI      shift, and go to state 18
    NUM      shift, and go to state 19
    SIN      shift, and go to state 20
    COS      shift, and go to state 21
    POW      shift, and go to state 22
    EXP      shift, and go to state 23
    VAR      shift, and go to state 24
    TAN      shift, and go to state 25
    ARCCOS   shift, and go to state 26
    ARCSIN   shift, and go to state 27
    ARCTAN   shift, and go to state 28
    COSH     shift, and go to state 29
    SINH     shift, and go to state 30
    TANH     shift, and go to state 31
    ARCSINH  shift, and go to state 32
    ARCCOSH  shift, and go to state 33
    ARCTANH  shift, and go to state 34
    SQRT     shift, and go to state 35
    LOG      shift, and go to state 36
    '('      shift, and go to state 37

    expr  go to state 108


State 69

   72 expr: expr DIV . expr

    PI       shift, and go to state 16
    E        shift, and go to state 17
    PHI      shift, and go to state 18
    NUM      shift, and go to state 19
    SIN      shift, and go to state 20
    COS      shift, and go to state 21
    POW      shift, and go to state 22
    EXP      shift, and go to state 23
    VAR      shift, and go to state 24
    TAN      shift, and go to state 25
    ARCCOS   shift, and go to state 26
    ARCSIN   shift, and go to state 27
    ARCTAN   shift, and go to state 28
    COSH     shift, and go to state 29
    SINH     shift, and go to state 30
    TANH     shift, and go to state 31
    ARCSINH  shift, and go to state 32
    ARCCOSH  shift, and go to state 33
    ARCTANH  shift, and go to state 34
    SQRT     shift, and go to state 35
    LOG      shift, and go to state 36
    '('      shift, and go to state 37

    expr  go to state 109


State 70

   73 expr: expr '^' . expr

    PI       shift, and go to state 16
    E        shift, and go to state 17
    PHI      shift, and go to state 18
    NUM      shift, and go to state 19
    SIN      shift, and go to state 20
    COS      shift, and go to state 21
    POW      shift, and go to state 22
    EXP      shift, and go to state 23
    VAR      shift, and go to state 24
    TAN      shift, and go to state 25
    ARCCOS   shift, and go to state 26
    ARCSIN   shift, and go to state 27
    ARCTAN   shift, and go to state 28
    COSH     shift, and go to state 29
    SINH     shift, and go to state 30
    TANH     shift, and go to state 31
    ARCSINH  shift, and go to state 32
    ARCCOSH  shift, and go to state 33
    ARCTANH  shift, and go to state 34
    SQRT     shift, and go to state 35
    LOG      shift, and go to state 36
    '('      shift, and go to state 37

    expr  go to state 110


State 71

    3 declarations: declarations var VAR '=' expr ';' .

    $default  reduce using rule 3 (declarations)


State 72

    8 parameters: VAR .

    $default  reduce using rule 8 (parameters)


State 73

    6 fonctions: DEF VAR ':' '(' parameters . ')' arrow '{' $@1 instruction '}' fonctions
    9 parameters: parameters . ',' parameters

    ','  shift, and go to state 111
    ')'  shift, and go to state 112


State 74

   10 draw_func: VAR in '[' . NUM ',' NUM ']'

    NUM  shift, and go to state 113


State 75

   12 draw_func: draw_func . ',' draw_func
   12          | draw_func ',' draw_func .

    $default  reduce using rule 12 (draw_func)


State 76

   15 draw_args: color . ':' '[' color_args ']'

    ':'  shift, and go to state 114


State 77

   16 draw_args: style . ':' '[' style_args ']'

    ':'  shift, and go to state 115


State 78

   17 draw_args: label . ':' STRING

    ':'  shift, and go to state 116


State 79

   18 draw_args: xmin . ':' NUM
   19          | xmin . ':' VAR

    ':'  shift, and go to state 117


State 80

   20 draw_args: xmax . ':' NUM
   21          | xmax . ':' VAR

    ':'  shift, and go to state 118


State 81

   22 draw_args: ymin . ':' NUM
   23          | ymin . ':' VAR

    ':'  shift, and go to state 119


State 82

   24 draw_args: ymax . ':' NUM
   25          | ymax . ':' VAR

    ':'  shift, and go to state 120


State 83

   13 affichage: DRAW draw_func '{' draw_args . '}'
   26 draw_args: draw_args . ',' draw_args

    ','  shift, and go to state 121
    '}'  shift, and go to state 122


State 84

   56 expr: SIN '(' expr . ')'
   69     | expr . PLUS expr
   70     | expr . MIN expr
   71     | expr . TIMES expr
   72     | expr . DIV expr
   73     | expr . '^' expr

    PLUS   shift, and go to state 66
    MIN    shift, and go to state 67
    TIMES  shift, and go to state 68
    DIV    shift, and go to state 69
    '^'    shift, and go to state 70
    ')'    shift, and go to state 123


State 85

   57 expr: COS '(' expr . ')'
   69     | expr . PLUS expr
   70     | expr . MIN expr
   71     | expr . TIMES expr
   72     | expr . DIV expr
   73     | expr . '^' expr

    PLUS   shift, and go to state 66
    MIN    shift, and go to state 67
    TIMES  shift, and go to state 68
    DIV    shift, and go to state 69
    '^'    shift, and go to state 70
    ')'    shift, and go to state 124


State 86

   69 expr: expr . PLUS expr
   70     | expr . MIN expr
   71     | expr . TIMES expr
   72     | expr . DIV expr
   73     | expr . '^' expr
   74     | POW '(' expr . ',' expr ')'

    PLUS   shift, and go to state 66
    MIN    shift, and go to state 67
    TIMES  shift, and go to state 68
    DIV    shift, and go to state 69
    '^'    shift, and go to state 70
    ','    shift, and go to state 125


State 87

   69 expr: expr . PLUS expr
   70     | expr . MIN expr
   71     | expr . TIMES expr
   72     | expr . DIV expr
   73     | expr . '^' expr
   75     | EXP '(' expr . ')'

    PLUS   shift, and go to state 66
    MIN    shift, and go to state 67
    TIMES  shift, and go to state 68
    DIV    shift, and go to state 69
    '^'    shift, and go to state 70
    ')'    shift, and go to state 126


State 88

   69 expr: expr . PLUS expr
   70     | expr . MIN expr
   71     | expr . TIMES expr
   72     | expr . DIV expr
   73     | expr . '^' expr
   80     | VAR PLUS_EQUAL expr .

    PLUS   shift, and go to state 66
    MIN    shift, and go to state 67
    TIMES  shift, and go to state 68
    DIV    shift, and go to state 69
    '^'    shift, and go to state 70

    $default  reduce using rule 80 (expr)


State 89

   69 expr: expr . PLUS expr
   70     | expr . MIN expr
   71     | expr . TIMES expr
   72     | expr . DIV expr
   73     | expr . '^' expr
   81     | VAR MIN_EQUAL expr .

    PLUS   shift, and go to state 66
    MIN    shift, and go to state 67
    TIMES  shift, and go to state 68
    DIV    shift, and go to state 69
    '^'    shift, and go to state 70

    $default  reduce using rule 81 (expr)


State 90

   69 expr: expr . PLUS expr
   70     | expr . MIN expr
   71     | expr . TIMES expr
   72     | expr . DIV expr
   73     | expr . '^' expr
   82     | VAR TIMES_EQUAL expr .

    PLUS   shift, and go to state 66
    MIN    shift, and go to state 67
    TIMES  shift, and go to state 68
    DIV    shift, and go to state 69
    '^'    shift, and go to state 70

    $default  reduce using rule 82 (expr)


State 91

   69 expr: expr . PLUS expr
   70     | expr . MIN expr
   71     | expr . TIMES expr
   72     | expr . DIV expr
   73     | expr . '^' expr
   83     | VAR DIV_EQUAL expr .

    PLUS   shift, and go to state 66
    MIN    shift, and go to state 67
    TIMES  shift, and go to state 68
    DIV    shift, and go to state 69
    '^'    shift, and go to state 70

    $default  reduce using rule 83 (expr)


State 92

   69 expr: expr . PLUS expr
   70     | expr . MIN expr
   71     | expr . TIMES expr
   72     | expr . DIV expr
   73     | expr . '^' expr
   79     | VAR '=' expr .

    PLUS   shift, and go to state 66
    MIN    shift, and go to state 67
    TIMES  shift, and go to state 68
    DIV    shift, and go to state 69
    '^'    shift, and go to state 70

    $default  reduce using rule 79 (expr)


State 93

   58 expr: TAN '(' expr . ')'
   69     | expr . PLUS expr
   70     | expr . MIN expr
   71     | expr . TIMES expr
   72     | expr . DIV expr
   73     | expr . '^' expr

    PLUS   shift, and go to state 66
    MIN    shift, and go to state 67
    TIMES  shift, and go to state 68
    DIV    shift, and go to state 69
    '^'    shift, and go to state 70
    ')'    shift, and go to state 127


State 94

   59 expr: ARCCOS '(' expr . ')'
   69     | expr . PLUS expr
   70     | expr . MIN expr
   71     | expr . TIMES expr
   72     | expr . DIV expr
   73     | expr . '^' expr

    PLUS   shift, and go to state 66
    MIN    shift, and go to state 67
    TIMES  shift, and go to state 68
    DIV    shift, and go to state 69
    '^'    shift, and go to state 70
    ')'    shift, and go to state 128


State 95

   60 expr: ARCSIN '(' expr . ')'
   69     | expr . PLUS expr
   70     | expr . MIN expr
   71     | expr . TIMES expr
   72     | expr . DIV expr
   73     | expr . '^' expr

    PLUS   shift, and go to state 66
    MIN    shift, and go to state 67
    TIMES  shift, and go to state 68
    DIV    shift, and go to state 69
    '^'    shift, and go to state 70
    ')'    shift, and go to state 129


State 96

   61 expr: ARCTAN '(' expr . ')'
   69     | expr . PLUS expr
   70     | expr . MIN expr
   71     | expr . TIMES expr
   72     | expr . DIV expr
   73     | expr . '^' expr

    PLUS   shift, and go to state 66
    MIN    shift, and go to state 67
    TIMES  shift, and go to state 68
    DIV    shift, and go to state 69
    '^'    shift, and go to state 70
    ')'    shift, and go to state 130


State 97

   62 expr: COSH '(' expr . ')'
   69     | expr . PLUS expr
   70     | expr . MIN expr
   71     | expr . TIMES expr
   72     | expr . DIV expr
   73     | expr . '^' expr

    PLUS   shift, and go to state 66
    MIN    shift, and go to state 67
    TIMES  shift, and go to state 68
    DIV    shift, and go to state 69
    '^'    shift, and go to state 70
    ')'    shift, and go to state 131


State 98

   63 expr: SINH '(' expr . ')'
   69     | expr . PLUS expr
   70     | expr . MIN expr
   71     | expr . TIMES expr
   72     | expr . DIV expr
   73     | expr . '^' expr

    PLUS   shift, and go to state 66
    MIN    shift, and go to state 67
    TIMES  shift, and go to state 68
    DIV    shift, and go to state 69
    '^'    shift, and go to state 70
    ')'    shift, and go to state 132


State 99

   64 expr: TANH '(' expr . ')'
   69     | expr . PLUS expr
   70     | expr . MIN expr
   71     | expr . TIMES expr
   72     | expr . DIV expr
   73     | expr . '^' expr

    PLUS   shift, and go to state 66
    MIN    shift, and go to state 67
    TIMES  shift, and go to state 68
    DIV    shift, and go to state 69
    '^'    shift, and go to state 70
    ')'    shift, and go to state 133


State 100

   66 expr: ARCSINH '(' expr . ')'
   69     | expr . PLUS expr
   70     | expr . MIN expr
   71     | expr . TIMES expr
   72     | expr . DIV expr
   73     | expr . '^' expr

    PLUS   shift, and go to state 66
    MIN    shift, and go to state 67
    TIMES  shift, and go to state 68
    DIV    shift, and go to state 69
    '^'    shift, and go to state 70
    ')'    shift, and go to state 134


State 101

   65 expr: ARCCOSH '(' expr . ')'
   69     | expr . PLUS expr
   70     | expr . MIN expr
   71     | expr . TIMES expr
   72     | expr . DIV expr
   73     | expr . '^' expr

    PLUS   shift, and go to state 66
    MIN    shift, and go to state 67
    TIMES  shift, and go to state 68
    DIV    shift, and go to state 69
    '^'    shift, and go to state 70
    ')'    shift, and go to state 135


State 102

   67 expr: ARCTANH '(' expr . ')'
   69     | expr . PLUS expr
   70     | expr . MIN expr
   71     | expr . TIMES expr
   72     | expr . DIV expr
   73     | expr . '^' expr

    PLUS   shift, and go to state 66
    MIN    shift, and go to state 67
    TIMES  shift, and go to state 68
    DIV    shift, and go to state 69
    '^'    shift, and go to state 70
    ')'    shift, and go to state 136


State 103

   69 expr: expr . PLUS expr
   70     | expr . MIN expr
   71     | expr . TIMES expr
   72     | expr . DIV expr
   73     | expr . '^' expr
   77     | SQRT '(' expr . ')'

    PLUS   shift, and go to state 66
    MIN    shift, and go to state 67
    TIMES  shift, and go to state 68
    DIV    shift, and go to state 69
    '^'    shift, and go to state 70
    ')'    shift, and go to state 137


State 104

   69 expr: expr . PLUS expr
   70     | expr . MIN expr
   71     | expr . TIMES expr
   72     | expr . DIV expr
   73     | expr . '^' expr
   76     | LOG '(' expr . ')'

    PLUS   shift, and go to state 66
    MIN    shift, and go to state 67
    TIMES  shift, and go to state 68
    DIV    shift, and go to state 69
    '^'    shift, and go to state 70
    ')'    shift, and go to state 138


State 105

   68 expr: '(' expr ')' .

    $default  reduce using rule 68 (expr)


State 106

   69 expr: expr . PLUS expr
   69     | expr PLUS expr .
   70     | expr . MIN expr
   71     | expr . TIMES expr
   72     | expr . DIV expr
   73     | expr . '^' expr

    TIMES  shift, and go to state 68
    DIV    shift, and go to state 69
    '^'    shift, and go to state 70

    $default  reduce using rule 69 (expr)


State 107

   69 expr: expr . PLUS expr
   70     | expr . MIN expr
   70     | expr MIN expr .
   71     | expr . TIMES expr
   72     | expr . DIV expr
   73     | expr . '^' expr

    TIMES  shift, and go to state 68
    DIV    shift, and go to state 69
    '^'    shift, and go to state 70

    $default  reduce using rule 70 (expr)


State 108

   69 expr: expr . PLUS expr
   70     | expr . MIN expr
   71     | expr . TIMES expr
   71     | expr TIMES expr .
   72     | expr . DIV expr
   73     | expr . '^' expr

    '^'  shift, and go to state 70

    $default  reduce using rule 71 (expr)


State 109

   69 expr: expr . PLUS expr
   70     | expr . MIN expr
   71     | expr . TIMES expr
   72     | expr . DIV expr
   72     | expr DIV expr .
   73     | expr . '^' expr

    '^'  shift, and go to state 70

    $default  reduce using rule 72 (expr)


State 110

   69 expr: expr . PLUS expr
   70     | expr . MIN expr
   71     | expr . TIMES expr
   72     | expr . DIV expr
   73     | expr . '^' expr
   73     | expr '^' expr .

    '^'  shift, and go to state 70

    $default  reduce using rule 73 (expr)


State 111

    9 parameters: parameters ',' . parameters

    VAR  shift, and go to state 72

    parameters  go to state 139


State 112

    6 fonctions: DEF VAR ':' '(' parameters ')' . arrow '{' $@1 instruction '}' fonctions

    arrow  shift, and go to state 140


State 113

   10 draw_func: VAR in '[' NUM . ',' NUM ']'

    ','  shift, and go to state 141


State 114

   15 draw_args: color ':' . '[' color_args ']'

    '['  shift, and go to state 142


State 115

   16 draw_args: style ':' . '[' style_args ']'

    '['  shift, and go to state 143


State 116

   17 draw_args: label ':' . STRING

    STRING  shift, and go to state 144


State 117

   18 draw_args: xmin ':' . NUM
   19          | xmin ':' . VAR

    NUM  shift, and go to state 145
    VAR  shift, and go to state 146


State 118

   20 draw_args: xmax ':' . NUM
   21          | xmax ':' . VAR

    NUM  shift, and go to state 147
    VAR  shift, and go to state 148


State 119

   22 draw_args: ymin ':' . NUM
   23          | ymin ':' . VAR

    NUM  shift, and go to state 149
    VAR  shift, and go to state 150


State 120

   24 draw_args: ymax ':' . NUM
   25          | ymax ':' . VAR

    NUM  shift, and go to state 151
    VAR  shift, and go to state 152


State 121

   26 draw_args: draw_args ',' . draw_args

    color  shift, and go to state 76
    style  shift, and go to state 77
    label  shift, and go to state 78
    xmin   shift, and go to state 79
    xmax   shift, and go to state 80
    ymin   shift, and go to state 81
    ymax   shift, and go to state 82

    draw_args  go to state 153


State 122

   13 affichage: DRAW draw_func '{' draw_args '}' .

    $default  reduce using rule 13 (affichage)


State 123

   56 expr: SIN '(' expr ')' .

    $default  reduce using rule 56 (expr)


State 124

   57 expr: COS '(' expr ')' .

    $default  reduce using rule 57 (expr)


State 125

   74 expr: POW '(' expr ',' . expr ')'

    PI       shift, and go to state 16
    E        shift, and go to state 17
    PHI      shift, and go to state 18
    NUM      shift, and go to state 19
    SIN      shift, and go to state 20
    COS      shift, and go to state 21
    POW      shift, and go to state 22
    EXP      shift, and go to state 23
    VAR      shift, and go to state 24
    TAN      shift, and go to state 25
    ARCCOS   shift, and go to state 26
    ARCSIN   shift, and go to state 27
    ARCTAN   shift, and go to state 28
    COSH     shift, and go to state 29
    SINH     shift, and go to state 30
    TANH     shift, and go to state 31
    ARCSINH  shift, and go to state 32
    ARCCOSH  shift, and go to state 33
    ARCTANH  shift, and go to state 34
    SQRT     shift, and go to state 35
    LOG      shift, and go to state 36
    '('      shift, and go to state 37

    expr  go to state 154


State 126

   75 expr: EXP '(' expr ')' .

    $default  reduce using rule 75 (expr)


State 127

   58 expr: TAN '(' expr ')' .

    $default  reduce using rule 58 (expr)


State 128

   59 expr: ARCCOS '(' expr ')' .

    $default  reduce using rule 59 (expr)


State 129

   60 expr: ARCSIN '(' expr ')' .

    $default  reduce using rule 60 (expr)


State 130

   61 expr: ARCTAN '(' expr ')' .

    $default  reduce using rule 61 (expr)


State 131

   62 expr: COSH '(' expr ')' .

    $default  reduce using rule 62 (expr)


State 132

   63 expr: SINH '(' expr ')' .

    $default  reduce using rule 63 (expr)


State 133

   64 expr: TANH '(' expr ')' .

    $default  reduce using rule 64 (expr)


State 134

   66 expr: ARCSINH '(' expr ')' .

    $default  reduce using rule 66 (expr)


State 135

   65 expr: ARCCOSH '(' expr ')' .

    $default  reduce using rule 65 (expr)


State 136

   67 expr: ARCTANH '(' expr ')' .

    $default  reduce using rule 67 (expr)


State 137

   77 expr: SQRT '(' expr ')' .

    $default  reduce using rule 77 (expr)


State 138

   76 expr: LOG '(' expr ')' .

    $default  reduce using rule 76 (expr)


State 139

    9 parameters: parameters . ',' parameters
    9           | parameters ',' parameters .

    $default  reduce using rule 9 (parameters)


State 140

    6 fonctions: DEF VAR ':' '(' parameters ')' arrow . '{' $@1 instruction '}' fonctions

    '{'  shift, and go to state 155


State 141

   10 draw_func: VAR in '[' NUM ',' . NUM ']'

    NUM  shift, and go to state 156


State 142

   15 draw_args: color ':' '[' . color_args ']'

    COLOR_PARAM  shift, and go to state 157

    color_args  go to state 158


State 143

   16 draw_args: style ':' '[' . style_args ']'

    STYLE_PARAM  shift, and go to state 159

    style_args  go to state 160


State 144

   17 draw_args: label ':' STRING .

    $default  reduce using rule 17 (draw_args)


State 145

   18 draw_args: xmin ':' NUM .

    $default  reduce using rule 18 (draw_args)


State 146

   19 draw_args: xmin ':' VAR .

    $default  reduce using rule 19 (draw_args)


State 147

   20 draw_args: xmax ':' NUM .

    $default  reduce using rule 20 (draw_args)


State 148

   21 draw_args: xmax ':' VAR .

    $default  reduce using rule 21 (draw_args)


State 149

   22 draw_args: ymin ':' NUM .

    $default  reduce using rule 22 (draw_args)


State 150

   23 draw_args: ymin ':' VAR .

    $default  reduce using rule 23 (draw_args)


State 151

   24 draw_args: ymax ':' NUM .

    $default  reduce using rule 24 (draw_args)


State 152

   25 draw_args: ymax ':' VAR .

    $default  reduce using rule 25 (draw_args)


State 153

   26 draw_args: draw_args . ',' draw_args
   26          | draw_args ',' draw_args .

    $default  reduce using rule 26 (draw_args)


State 154

   69 expr: expr . PLUS expr
   70     | expr . MIN expr
   71     | expr . TIMES expr
   72     | expr . DIV expr
   73     | expr . '^' expr
   74     | POW '(' expr ',' expr . ')'

    PLUS   shift, and go to state 66
    MIN    shift, and go to state 67
    TIMES  shift, and go to state 68
    DIV    shift, and go to state 69
    '^'    shift, and go to state 70
    ')'    shift, and go to state 161


State 155

    6 fonctions: DEF VAR ':' '(' parameters ')' arrow '{' . $@1 instruction '}' fonctions

    $default  reduce using rule 5 ($@1)

    $@1  go to state 162


State 156

   10 draw_func: VAR in '[' NUM ',' NUM . ']'

    ']'  shift, and go to state 163


State 157

   29 color_args: COLOR_PARAM .

    $default  reduce using rule 29 (color_args)


State 158

   15 draw_args: color ':' '[' color_args . ']'
   30 color_args: color_args . ',' color_args

    ','  shift, and go to state 164
    ']'  shift, and go to state 165


State 159

   27 style_args: STYLE_PARAM .

    $default  reduce using rule 27 (style_args)


State 160

   16 draw_args: style ':' '[' style_args . ']'
   28 style_args: style_args . ',' style_args

    ','  shift, and go to state 166
    ']'  shift, and go to state 167


State 161

   74 expr: POW '(' expr ',' expr ')' .

    $default  reduce using rule 74 (expr)


State 162

    6 fonctions: DEF VAR ':' '(' parameters ')' arrow '{' $@1 . instruction '}' fonctions

    FOR    shift, and go to state 168
    IF     shift, and go to state 169
    WHILE  shift, and go to state 170

    $default  reduce using rule 31 (instruction)

    instruction  go to state 171


State 163

   10 draw_func: VAR in '[' NUM ',' NUM ']' .

    $default  reduce using rule 10 (draw_func)


State 164

   30 color_args: color_args ',' . color_args

    COLOR_PARAM  shift, and go to state 157

    color_args  go to state 172


State 165

   15 draw_args: color ':' '[' color_args ']' .

    $default  reduce using rule 15 (draw_args)


State 166

   28 style_args: style_args ',' . style_args

    STYLE_PARAM  shift, and go to state 159

    style_args  go to state 173


State 167

   16 draw_args: style ':' '[' style_args ']' .

    $default  reduce using rule 16 (draw_args)


State 168

   39 instruction: FOR . VAR in '[' expr ':' expr ':' expr ']' '{' $@4 instruction $@5 '}'

    VAR  shift, and go to state 174


State 169

   36 instruction: IF . logic '{' $@2 instruction $@3 '}' ELSE '{' instruction '}'

    PI       shift, and go to state 16
    E        shift, and go to state 17
    PHI      shift, and go to state 18
    NUM      shift, and go to state 19
    SIN      shift, and go to state 20
    COS      shift, and go to state 21
    POW      shift, and go to state 22
    EXP      shift, and go to state 23
    VAR      shift, and go to state 24
    TAN      shift, and go to state 25
    ARCCOS   shift, and go to state 26
    ARCSIN   shift, and go to state 27
    ARCTAN   shift, and go to state 28
    COSH     shift, and go to state 29
    SINH     shift, and go to state 30
    TANH     shift, and go to state 31
    ARCSINH  shift, and go to state 32
    ARCCOSH  shift, and go to state 33
    ARCTANH  shift, and go to state 34
    SQRT     shift, and go to state 35
    LOG      shift, and go to state 36
    NOT      shift, and go to state 175
    '('      shift, and go to state 37

    logic  go to state 176
    expr   go to state 177


State 170

   42 instruction: WHILE . logic '{' $@6 instruction $@7 '}'

    PI       shift, and go to state 16
    E        shift, and go to state 17
    PHI      shift, and go to state 18
    NUM      shift, and go to state 19
    SIN      shift, and go to state 20
    COS      shift, and go to state 21
    POW      shift, and go to state 22
    EXP      shift, and go to state 23
    VAR      shift, and go to state 24
    TAN      shift, and go to state 25
    ARCCOS   shift, and go to state 26
    ARCSIN   shift, and go to state 27
    ARCTAN   shift, and go to state 28
    COSH     shift, and go to state 29
    SINH     shift, and go to state 30
    TANH     shift, and go to state 31
    ARCSINH  shift, and go to state 32
    ARCCOSH  shift, and go to state 33
    ARCTANH  shift, and go to state 34
    SQRT     shift, and go to state 35
    LOG      shift, and go to state 36
    NOT      shift, and go to state 175
    '('      shift, and go to state 37

    logic  go to state 178
    expr   go to state 177


State 171

    6 fonctions: DEF VAR ':' '(' parameters ')' arrow '{' $@1 instruction . '}' fonctions
   32 instruction: instruction . expr ';'
   33            | instruction . RETURN expr ';'

    PI       shift, and go to state 16
    E        shift, and go to state 17
    PHI      shift, and go to state 18
    RETURN   shift, and go to state 179
    NUM      shift, and go to state 19
    SIN      shift, and go to state 20
    COS      shift, and go to state 21
    POW      shift, and go to state 22
    EXP      shift, and go to state 23
    VAR      shift, and go to state 24
    TAN      shift, and go to state 25
    ARCCOS   shift, and go to state 26
    ARCSIN   shift, and go to state 27
    ARCTAN   shift, and go to state 28
    COSH     shift, and go to state 29
    SINH     shift, and go to state 30
    TANH     shift, and go to state 31
    ARCSINH  shift, and go to state 32
    ARCCOSH  shift, and go to state 33
    ARCTANH  shift, and go to state 34
    SQRT     shift, and go to state 35
    LOG      shift, and go to state 36
    '('      shift, and go to state 37
    '}'      shift, and go to state 180

    expr  go to state 181


State 172

   30 color_args: color_args . ',' color_args
   30           | color_args ',' color_args .

    $default  reduce using rule 30 (color_args)


State 173

   28 style_args: style_args . ',' style_args
   28           | style_args ',' style_args .

    $default  reduce using rule 28 (style_args)


State 174

   39 instruction: FOR VAR . in '[' expr ':' expr ':' expr ']' '{' $@4 instruction $@5 '}'

    in  shift, and go to state 182


State 175

   51 logic: NOT . logic

    PI       shift, and go to state 16
    E        shift, and go to state 17
    PHI      shift, and go to state 18
    NUM      shift, and go to state 19
    SIN      shift, and go to state 20
    COS      shift, and go to state 21
    POW      shift, and go to state 22
    EXP      shift, and go to state 23
    VAR      shift, and go to state 24
    TAN      shift, and go to state 25
    ARCCOS   shift, and go to state 26
    ARCSIN   shift, and go to state 27
    ARCTAN   shift, and go to state 28
    COSH     shift, and go to state 29
    SINH     shift, and go to state 30
    TANH     shift, and go to state 31
    ARCSINH  shift, and go to state 32
    ARCCOSH  shift, and go to state 33
    ARCTANH  shift, and go to state 34
    SQRT     shift, and go to state 35
    LOG      shift, and go to state 36
    NOT      shift, and go to state 175
    '('      shift, and go to state 37

    logic  go to state 183
    expr   go to state 177


State 176

   36 instruction: IF logic . '{' $@2 instruction $@3 '}' ELSE '{' instruction '}'
   49 logic: logic . AND logic
   50      | logic . OR logic

    AND  shift, and go to state 184
    OR   shift, and go to state 185
    '{'  shift, and go to state 186


State 177

   43 logic: expr . SUP expr
   44      | expr . INF expr
   45      | expr . SUP_STRICT expr
   46      | expr . INF_STRICT expr
   47      | expr . EQUAL expr
   48      | expr . NOT_EQ expr
   69 expr: expr . PLUS expr
   70     | expr . MIN expr
   71     | expr . TIMES expr
   72     | expr . DIV expr
   73     | expr . '^' expr

    PLUS        shift, and go to state 66
    MIN         shift, and go to state 67
    TIMES       shift, and go to state 68
    DIV         shift, and go to state 69
    EQUAL       shift, and go to state 187
    NOT_EQ      shift, and go to state 188
    INF_STRICT  shift, and go to state 189
    SUP_STRICT  shift, and go to state 190
    INF         shift, and go to state 191
    SUP         shift, and go to state 192
    '^'         shift, and go to state 70


State 178

   42 instruction: WHILE logic . '{' $@6 instruction $@7 '}'
   49 logic: logic . AND logic
   50      | logic . OR logic

    AND  shift, and go to state 184
    OR   shift, and go to state 185
    '{'  shift, and go to state 193


State 179

   33 instruction: instruction RETURN . expr ';'

    PI       shift, and go to state 16
    E        shift, and go to state 17
    PHI      shift, and go to state 18
    NUM      shift, and go to state 19
    SIN      shift, and go to state 20
    COS      shift, and go to state 21
    POW      shift, and go to state 22
    EXP      shift, and go to state 23
    VAR      shift, and go to state 24
    TAN      shift, and go to state 25
    ARCCOS   shift, and go to state 26
    ARCSIN   shift, and go to state 27
    ARCTAN   shift, and go to state 28
    COSH     shift, and go to state 29
    SINH     shift, and go to state 30
    TANH     shift, and go to state 31
    ARCSINH  shift, and go to state 32
    ARCCOSH  shift, and go to state 33
    ARCTANH  shift, and go to state 34
    SQRT     shift, and go to state 35
    LOG      shift, and go to state 36
    '('      shift, and go to state 37

    expr  go to state 194


State 180

    6 fonctions: DEF VAR ':' '(' parameters ')' arrow '{' $@1 instruction '}' . fonctions

    DEF  shift, and go to state 5

    $default  reduce using rule 7 (fonctions)

    fonctions  go to state 195


State 181

   32 instruction: instruction expr . ';'
   69 expr: expr . PLUS expr
   70     | expr . MIN expr
   71     | expr . TIMES expr
   72     | expr . DIV expr
   73     | expr . '^' expr

    PLUS   shift, and go to state 66
    MIN    shift, and go to state 67
    TIMES  shift, and go to state 68
    DIV    shift, and go to state 69
    '^'    shift, and go to state 70
    ';'    shift, and go to state 196


State 182

   39 instruction: FOR VAR in . '[' expr ':' expr ':' expr ']' '{' $@4 instruction $@5 '}'

    '['  shift, and go to state 197


State 183

   49 logic: logic . AND logic
   50      | logic . OR logic
   51      | NOT logic .

    AND  shift, and go to state 184
    OR   shift, and go to state 185

    $default  reduce using rule 51 (logic)


State 184

   49 logic: logic AND . logic

    PI       shift, and go to state 16
    E        shift, and go to state 17
    PHI      shift, and go to state 18
    NUM      shift, and go to state 19
    SIN      shift, and go to state 20
    COS      shift, and go to state 21
    POW      shift, and go to state 22
    EXP      shift, and go to state 23
    VAR      shift, and go to state 24
    TAN      shift, and go to state 25
    ARCCOS   shift, and go to state 26
    ARCSIN   shift, and go to state 27
    ARCTAN   shift, and go to state 28
    COSH     shift, and go to state 29
    SINH     shift, and go to state 30
    TANH     shift, and go to state 31
    ARCSINH  shift, and go to state 32
    ARCCOSH  shift, and go to state 33
    ARCTANH  shift, and go to state 34
    SQRT     shift, and go to state 35
    LOG      shift, and go to state 36
    NOT      shift, and go to state 175
    '('      shift, and go to state 37

    logic  go to state 198
    expr   go to state 177


State 185

   50 logic: logic OR . logic

    PI       shift, and go to state 16
    E        shift, and go to state 17
    PHI      shift, and go to state 18
    NUM      shift, and go to state 19
    SIN      shift, and go to state 20
    COS      shift, and go to state 21
    POW      shift, and go to state 22
    EXP      shift, and go to state 23
    VAR      shift, and go to state 24
    TAN      shift, and go to state 25
    ARCCOS   shift, and go to state 26
    ARCSIN   shift, and go to state 27
    ARCTAN   shift, and go to state 28
    COSH     shift, and go to state 29
    SINH     shift, and go to state 30
    TANH     shift, and go to state 31
    ARCSINH  shift, and go to state 32
    ARCCOSH  shift, and go to state 33
    ARCTANH  shift, and go to state 34
    SQRT     shift, and go to state 35
    LOG      shift, and go to state 36
    NOT      shift, and go to state 175
    '('      shift, and go to state 37

    logic  go to state 199
    expr   go to state 177


State 186

   36 instruction: IF logic '{' . $@2 instruction $@3 '}' ELSE '{' instruction '}'

    $default  reduce using rule 34 ($@2)

    $@2  go to state 200


State 187

   47 logic: expr EQUAL . expr

    PI       shift, and go to state 16
    E        shift, and go to state 17
    PHI      shift, and go to state 18
    NUM      shift, and go to state 19
    SIN      shift, and go to state 20
    COS      shift, and go to state 21
    POW      shift, and go to state 22
    EXP      shift, and go to state 23
    VAR      shift, and go to state 24
    TAN      shift, and go to state 25
    ARCCOS   shift, and go to state 26
    ARCSIN   shift, and go to state 27
    ARCTAN   shift, and go to state 28
    COSH     shift, and go to state 29
    SINH     shift, and go to state 30
    TANH     shift, and go to state 31
    ARCSINH  shift, and go to state 32
    ARCCOSH  shift, and go to state 33
    ARCTANH  shift, and go to state 34
    SQRT     shift, and go to state 35
    LOG      shift, and go to state 36
    '('      shift, and go to state 37

    expr  go to state 201


State 188

   48 logic: expr NOT_EQ . expr

    PI       shift, and go to state 16
    E        shift, and go to state 17
    PHI      shift, and go to state 18
    NUM      shift, and go to state 19
    SIN      shift, and go to state 20
    COS      shift, and go to state 21
    POW      shift, and go to state 22
    EXP      shift, and go to state 23
    VAR      shift, and go to state 24
    TAN      shift, and go to state 25
    ARCCOS   shift, and go to state 26
    ARCSIN   shift, and go to state 27
    ARCTAN   shift, and go to state 28
    COSH     shift, and go to state 29
    SINH     shift, and go to state 30
    TANH     shift, and go to state 31
    ARCSINH  shift, and go to state 32
    ARCCOSH  shift, and go to state 33
    ARCTANH  shift, and go to state 34
    SQRT     shift, and go to state 35
    LOG      shift, and go to state 36
    '('      shift, and go to state 37

    expr  go to state 202


State 189

   46 logic: expr INF_STRICT . expr

    PI       shift, and go to state 16
    E        shift, and go to state 17
    PHI      shift, and go to state 18
    NUM      shift, and go to state 19
    SIN      shift, and go to state 20
    COS      shift, and go to state 21
    POW      shift, and go to state 22
    EXP      shift, and go to state 23
    VAR      shift, and go to state 24
    TAN      shift, and go to state 25
    ARCCOS   shift, and go to state 26
    ARCSIN   shift, and go to state 27
    ARCTAN   shift, and go to state 28
    COSH     shift, and go to state 29
    SINH     shift, and go to state 30
    TANH     shift, and go to state 31
    ARCSINH  shift, and go to state 32
    ARCCOSH  shift, and go to state 33
    ARCTANH  shift, and go to state 34
    SQRT     shift, and go to state 35
    LOG      shift, and go to state 36
    '('      shift, and go to state 37

    expr  go to state 203


State 190

   45 logic: expr SUP_STRICT . expr

    PI       shift, and go to state 16
    E        shift, and go to state 17
    PHI      shift, and go to state 18
    NUM      shift, and go to state 19
    SIN      shift, and go to state 20
    COS      shift, and go to state 21
    POW      shift, and go to state 22
    EXP      shift, and go to state 23
    VAR      shift, and go to state 24
    TAN      shift, and go to state 25
    ARCCOS   shift, and go to state 26
    ARCSIN   shift, and go to state 27
    ARCTAN   shift, and go to state 28
    COSH     shift, and go to state 29
    SINH     shift, and go to state 30
    TANH     shift, and go to state 31
    ARCSINH  shift, and go to state 32
    ARCCOSH  shift, and go to state 33
    ARCTANH  shift, and go to state 34
    SQRT     shift, and go to state 35
    LOG      shift, and go to state 36
    '('      shift, and go to state 37

    expr  go to state 204


State 191

   44 logic: expr INF . expr

    PI       shift, and go to state 16
    E        shift, and go to state 17
    PHI      shift, and go to state 18
    NUM      shift, and go to state 19
    SIN      shift, and go to state 20
    COS      shift, and go to state 21
    POW      shift, and go to state 22
    EXP      shift, and go to state 23
    VAR      shift, and go to state 24
    TAN      shift, and go to state 25
    ARCCOS   shift, and go to state 26
    ARCSIN   shift, and go to state 27
    ARCTAN   shift, and go to state 28
    COSH     shift, and go to state 29
    SINH     shift, and go to state 30
    TANH     shift, and go to state 31
    ARCSINH  shift, and go to state 32
    ARCCOSH  shift, and go to state 33
    ARCTANH  shift, and go to state 34
    SQRT     shift, and go to state 35
    LOG      shift, and go to state 36
    '('      shift, and go to state 37

    expr  go to state 205


State 192

   43 logic: expr SUP . expr

    PI       shift, and go to state 16
    E        shift, and go to state 17
    PHI      shift, and go to state 18
    NUM      shift, and go to state 19
    SIN      shift, and go to state 20
    COS      shift, and go to state 21
    POW      shift, and go to state 22
    EXP      shift, and go to state 23
    VAR      shift, and go to state 24
    TAN      shift, and go to state 25
    ARCCOS   shift, and go to state 26
    ARCSIN   shift, and go to state 27
    ARCTAN   shift, and go to state 28
    COSH     shift, and go to state 29
    SINH     shift, and go to state 30
    TANH     shift, and go to state 31
    ARCSINH  shift, and go to state 32
    ARCCOSH  shift, and go to state 33
    ARCTANH  shift, and go to state 34
    SQRT     shift, and go to state 35
    LOG      shift, and go to state 36
    '('      shift, and go to state 37

    expr  go to state 206


State 193

   42 instruction: WHILE logic '{' . $@6 instruction $@7 '}'

    $default  reduce using rule 40 ($@6)

    $@6  go to state 207


State 194

   33 instruction: instruction RETURN expr . ';'
   69 expr: expr . PLUS expr
   70     | expr . MIN expr
   71     | expr . TIMES expr
   72     | expr . DIV expr
   73     | expr . '^' expr

    PLUS   shift, and go to state 66
    MIN    shift, and go to state 67
    TIMES  shift, and go to state 68
    DIV    shift, and go to state 69
    '^'    shift, and go to state 70
    ';'    shift, and go to state 208


State 195

    6 fonctions: DEF VAR ':' '(' parameters ')' arrow '{' $@1 instruction '}' fonctions .

    $default  reduce using rule 6 (fonctions)


State 196

   32 instruction: instruction expr ';' .

    $default  reduce using rule 32 (instruction)


State 197

   39 instruction: FOR VAR in '[' . expr ':' expr ':' expr ']' '{' $@4 instruction $@5 '}'

    PI       shift, and go to state 16
    E        shift, and go to state 17
    PHI      shift, and go to state 18
    NUM      shift, and go to state 19
    SIN      shift, and go to state 20
    COS      shift, and go to state 21
    POW      shift, and go to state 22
    EXP      shift, and go to state 23
    VAR      shift, and go to state 24
    TAN      shift, and go to state 25
    ARCCOS   shift, and go to state 26
    ARCSIN   shift, and go to state 27
    ARCTAN   shift, and go to state 28
    COSH     shift, and go to state 29
    SINH     shift, and go to state 30
    TANH     shift, and go to state 31
    ARCSINH  shift, and go to state 32
    ARCCOSH  shift, and go to state 33
    ARCTANH  shift, and go to state 34
    SQRT     shift, and go to state 35
    LOG      shift, and go to state 36
    '('      shift, and go to state 37

    expr  go to state 209


State 198

   49 logic: logic . AND logic
   49      | logic AND logic .
   50      | logic . OR logic

    $default  reduce using rule 49 (logic)


State 199

   49 logic: logic . AND logic
   50      | logic . OR logic
   50      | logic OR logic .

    AND  shift, and go to state 184

    $default  reduce using rule 50 (logic)


State 200

   36 instruction: IF logic '{' $@2 . instruction $@3 '}' ELSE '{' instruction '}'

    FOR    shift, and go to state 168
    IF     shift, and go to state 169
    WHILE  shift, and go to state 170

    $default  reduce using rule 31 (instruction)

    instruction  go to state 210


State 201

   47 logic: expr EQUAL expr .
   69 expr: expr . PLUS expr
   70     | expr . MIN expr
   71     | expr . TIMES expr
   72     | expr . DIV expr
   73     | expr . '^' expr

    PLUS   shift, and go to state 66
    MIN    shift, and go to state 67
    TIMES  shift, and go to state 68
    DIV    shift, and go to state 69
    '^'    shift, and go to state 70

    $default  reduce using rule 47 (logic)


State 202

   48 logic: expr NOT_EQ expr .
   69 expr: expr . PLUS expr
   70     | expr . MIN expr
   71     | expr . TIMES expr
   72     | expr . DIV expr
   73     | expr . '^' expr

    PLUS   shift, and go to state 66
    MIN    shift, and go to state 67
    TIMES  shift, and go to state 68
    DIV    shift, and go to state 69
    '^'    shift, and go to state 70

    $default  reduce using rule 48 (logic)


State 203

   46 logic: expr INF_STRICT expr .
   69 expr: expr . PLUS expr
   70     | expr . MIN expr
   71     | expr . TIMES expr
   72     | expr . DIV expr
   73     | expr . '^' expr

    PLUS   shift, and go to state 66
    MIN    shift, and go to state 67
    TIMES  shift, and go to state 68
    DIV    shift, and go to state 69
    '^'    shift, and go to state 70

    $default  reduce using rule 46 (logic)


State 204

   45 logic: expr SUP_STRICT expr .
   69 expr: expr . PLUS expr
   70     | expr . MIN expr
   71     | expr . TIMES expr
   72     | expr . DIV expr
   73     | expr . '^' expr

    PLUS   shift, and go to state 66
    MIN    shift, and go to state 67
    TIMES  shift, and go to state 68
    DIV    shift, and go to state 69
    '^'    shift, and go to state 70

    $default  reduce using rule 45 (logic)


State 205

   44 logic: expr INF expr .
   69 expr: expr . PLUS expr
   70     | expr . MIN expr
   71     | expr . TIMES expr
   72     | expr . DIV expr
   73     | expr . '^' expr

    PLUS   shift, and go to state 66
    MIN    shift, and go to state 67
    TIMES  shift, and go to state 68
    DIV    shift, and go to state 69
    '^'    shift, and go to state 70

    $default  reduce using rule 44 (logic)


State 206

   43 logic: expr SUP expr .
   69 expr: expr . PLUS expr
   70     | expr . MIN expr
   71     | expr . TIMES expr
   72     | expr . DIV expr
   73     | expr . '^' expr

    PLUS   shift, and go to state 66
    MIN    shift, and go to state 67
    TIMES  shift, and go to state 68
    DIV    shift, and go to state 69
    '^'    shift, and go to state 70

    $default  reduce using rule 43 (logic)


State 207

   42 instruction: WHILE logic '{' $@6 . instruction $@7 '}'

    FOR    shift, and go to state 168
    IF     shift, and go to state 169
    WHILE  shift, and go to state 170

    $default  reduce using rule 31 (instruction)

    instruction  go to state 211


State 208

   33 instruction: instruction RETURN expr ';' .

    $default  reduce using rule 33 (instruction)


State 209

   39 instruction: FOR VAR in '[' expr . ':' expr ':' expr ']' '{' $@4 instruction $@5 '}'
   69 expr: expr . PLUS expr
   70     | expr . MIN expr
   71     | expr . TIMES expr
   72     | expr . DIV expr
   73     | expr . '^' expr

    PLUS   shift, and go to state 66
    MIN    shift, and go to state 67
    TIMES  shift, and go to state 68
    DIV    shift, and go to state 69
    '^'    shift, and go to state 70
    ':'    shift, and go to state 212


State 210

   32 instruction: instruction . expr ';'
   33            | instruction . RETURN expr ';'
   36            | IF logic '{' $@2 instruction . $@3 '}' ELSE '{' instruction '}'

    PI       shift, and go to state 16
    E        shift, and go to state 17
    PHI      shift, and go to state 18
    RETURN   shift, and go to state 179
    NUM      shift, and go to state 19
    SIN      shift, and go to state 20
    COS      shift, and go to state 21
    POW      shift, and go to state 22
    EXP      shift, and go to state 23
    VAR      shift, and go to state 24
    TAN      shift, and go to state 25
    ARCCOS   shift, and go to state 26
    ARCSIN   shift, and go to state 27
    ARCTAN   shift, and go to state 28
    COSH     shift, and go to state 29
    SINH     shift, and go to state 30
    TANH     shift, and go to state 31
    ARCSINH  shift, and go to state 32
    ARCCOSH  shift, and go to state 33
    ARCTANH  shift, and go to state 34
    SQRT     shift, and go to state 35
    LOG      shift, and go to state 36
    '('      shift, and go to state 37

    $default  reduce using rule 35 ($@3)

    $@3   go to state 213
    expr  go to state 181


State 211

   32 instruction: instruction . expr ';'
   33            | instruction . RETURN expr ';'
   42            | WHILE logic '{' $@6 instruction . $@7 '}'

    PI       shift, and go to state 16
    E        shift, and go to state 17
    PHI      shift, and go to state 18
    RETURN   shift, and go to state 179
    NUM      shift, and go to state 19
    SIN      shift, and go to state 20
    COS      shift, and go to state 21
    POW      shift, and go to state 22
    EXP      shift, and go to state 23
    VAR      shift, and go to state 24
    TAN      shift, and go to state 25
    ARCCOS   shift, and go to state 26
    ARCSIN   shift, and go to state 27
    ARCTAN   shift, and go to state 28
    COSH     shift, and go to state 29
    SINH     shift, and go to state 30
    TANH     shift, and go to state 31
    ARCSINH  shift, and go to state 32
    ARCCOSH  shift, and go to state 33
    ARCTANH  shift, and go to state 34
    SQRT     shift, and go to state 35
    LOG      shift, and go to state 36
    '('      shift, and go to state 37

    $default  reduce using rule 41 ($@7)

    $@7   go to state 214
    expr  go to state 181


State 212

   39 instruction: FOR VAR in '[' expr ':' . expr ':' expr ']' '{' $@4 instruction $@5 '}'

    PI       shift, and go to state 16
    E        shift, and go to state 17
    PHI      shift, and go to state 18
    NUM      shift, and go to state 19
    SIN      shift, and go to state 20
    COS      shift, and go to state 21
    POW      shift, and go to state 22
    EXP      shift, and go to state 23
    VAR      shift, and go to state 24
    TAN      shift, and go to state 25
    ARCCOS   shift, and go to state 26
    ARCSIN   shift, and go to state 27
    ARCTAN   shift, and go to state 28
    COSH     shift, and go to state 29
    SINH     shift, and go to state 30
    TANH     shift, and go to state 31
    ARCSINH  shift, and go to state 32
    ARCCOSH  shift, and go to state 33
    ARCTANH  shift, and go to state 34
    SQRT     shift, and go to state 35
    LOG      shift, and go to state 36
    '('      shift, and go to state 37

    expr  go to state 215


State 213

   36 instruction: IF logic '{' $@2 instruction $@3 . '}' ELSE '{' instruction '}'

    '}'  shift, and go to state 216


State 214

   42 instruction: WHILE logic '{' $@6 instruction $@7 . '}'

    '}'  shift, and go to state 217


State 215

   39 instruction: FOR VAR in '[' expr ':' expr . ':' expr ']' '{' $@4 instruction $@5 '}'
   69 expr: expr . PLUS expr
   70     | expr . MIN expr
   71     | expr . TIMES expr
   72     | expr . DIV expr
   73     | expr . '^' expr

    PLUS   shift, and go to state 66
    MIN    shift, and go to state 67
    TIMES  shift, and go to state 68
    DIV    shift, and go to state 69
    '^'    shift, and go to state 70
    ':'    shift, and go to state 218


State 216

   36 instruction: IF logic '{' $@2 instruction $@3 '}' . ELSE '{' instruction '}'

    ELSE  shift, and go to state 219


State 217

   42 instruction: WHILE logic '{' $@6 instruction $@7 '}' .

    $default  reduce using rule 42 (instruction)


State 218

   39 instruction: FOR VAR in '[' expr ':' expr ':' . expr ']' '{' $@4 instruction $@5 '}'

    PI       shift, and go to state 16
    E        shift, and go to state 17
    PHI      shift, and go to state 18
    NUM      shift, and go to state 19
    SIN      shift, and go to state 20
    COS      shift, and go to state 21
    POW      shift, and go to state 22
    EXP      shift, and go to state 23
    VAR      shift, and go to state 24
    TAN      shift, and go to state 25
    ARCCOS   shift, and go to state 26
    ARCSIN   shift, and go to state 27
    ARCTAN   shift, and go to state 28
    COSH     shift, and go to state 29
    SINH     shift, and go to state 30
    TANH     shift, and go to state 31
    ARCSINH  shift, and go to state 32
    ARCCOSH  shift, and go to state 33
    ARCTANH  shift, and go to state 34
    SQRT     shift, and go to state 35
    LOG      shift, and go to state 36
    '('      shift, and go to state 37

    expr  go to state 220


State 219

   36 instruction: IF logic '{' $@2 instruction $@3 '}' ELSE . '{' instruction '}'

    '{'  shift, and go to state 221


State 220

   39 instruction: FOR VAR in '[' expr ':' expr ':' expr . ']' '{' $@4 instruction $@5 '}'
   69 expr: expr . PLUS expr
   70     | expr . MIN expr
   71     | expr . TIMES expr
   72     | expr . DIV expr
   73     | expr . '^' expr

    PLUS   shift, and go to state 66
    MIN    shift, and go to state 67
    TIMES  shift, and go to state 68
    DIV    shift, and go to state 69
    '^'    shift, and go to state 70
    ']'    shift, and go to state 222


State 221

   36 instruction: IF logic '{' $@2 instruction $@3 '}' ELSE '{' . instruction '}'

    FOR    shift, and go to state 168
    IF     shift, and go to state 169
    WHILE  shift, and go to state 170

    $default  reduce using rule 31 (instruction)

    instruction  go to state 223


State 222

   39 instruction: FOR VAR in '[' expr ':' expr ':' expr ']' . '{' $@4 instruction $@5 '}'

    '{'  shift, and go to state 224


State 223

   32 instruction: instruction . expr ';'
   33            | instruction . RETURN expr ';'
   36            | IF logic '{' $@2 instruction $@3 '}' ELSE '{' instruction . '}'

    PI       shift, and go to state 16
    E        shift, and go to state 17
    PHI      shift, and go to state 18
    RETURN   shift, and go to state 179
    NUM      shift, and go to state 19
    SIN      shift, and go to state 20
    COS      shift, and go to state 21
    POW      shift, and go to state 22
    EXP      shift, and go to state 23
    VAR      shift, and go to state 24
    TAN      shift, and go to state 25
    ARCCOS   shift, and go to state 26
    ARCSIN   shift, and go to state 27
    ARCTAN   shift, and go to state 28
    COSH     shift, and go to state 29
    SINH     shift, and go to state 30
    TANH     shift, and go to state 31
    ARCSINH  shift, and go to state 32
    ARCCOSH  shift, and go to state 33
    ARCTANH  shift, and go to state 34
    SQRT     shift, and go to state 35
    LOG      shift, and go to state 36
    '('      shift, and go to state 37
    '}'      shift, and go to state 225

    expr  go to state 181


State 224

   39 instruction: FOR VAR in '[' expr ':' expr ':' expr ']' '{' . $@4 instruction $@5 '}'

    $default  reduce using rule 37 ($@4)

    $@4  go to state 226


State 225

   36 instruction: IF logic '{' $@2 instruction $@3 '}' ELSE '{' instruction '}' .

    $default  reduce using rule 36 (instruction)


State 226

   39 instruction: FOR VAR in '[' expr ':' expr ':' expr ']' '{' $@4 . instruction $@5 '}'

    FOR    shift, and go to state 168
    IF     shift, and go to state 169
    WHILE  shift, and go to state 170

    $default  reduce using rule 31 (instruction)

    instruction  go to state 227


State 227

   32 instruction: instruction . expr ';'
   33            | instruction . RETURN expr ';'
   39            | FOR VAR in '[' expr ':' expr ':' expr ']' '{' $@4 instruction . $@5 '}'

    PI       shift, and go to state 16
    E        shift, and go to state 17
    PHI      shift, and go to state 18
    RETURN   shift, and go to state 179
    NUM      shift, and go to state 19
    SIN      shift, and go to state 20
    COS      shift, and go to state 21
    POW      shift, and go to state 22
    EXP      shift, and go to state 23
    VAR      shift, and go to state 24
    TAN      shift, and go to state 25
    ARCCOS   shift, and go to state 26
    ARCSIN   shift, and go to state 27
    ARCTAN   shift, and go to state 28
    COSH     shift, and go to state 29
    SINH     shift, and go to state 30
    TANH     shift, and go to state 31
    ARCSINH  shift, and go to state 32
    ARCCOSH  shift, and go to state 33
    ARCTANH  shift, and go to state 34
    SQRT     shift, and go to state 35
    LOG      shift, and go to state 36
    '('      shift, and go to state 37

    $default  reduce using rule 38 ($@5)

    $@5   go to state 228
    expr  go to state 181


State 228

   39 instruction: FOR VAR in '[' expr ':' expr ':' expr ']' '{' $@4 instruction $@5 . '}'

    '}'  shift, and go to state 229


State 229

   39 instruction: FOR VAR in '[' expr ':' expr ':' expr ']' '{' $@4 instruction $@5 '}' .

    $default  reduce using rule 39 (instruction)
